#
# There is insufficient memory for the Java Runtime Environment to continue.
# Native memory allocation (malloc) failed to allocate 1498096 bytes for Chunk::new
# Possible reasons:
#   The system is out of physical RAM or swap space
#   The process is running with CompressedOops enabled, and the Java Heap may be blocking the growth of the native heap
# Possible solutions:
#   Reduce memory load on the system
#   Increase physical memory or swap space
#   Check if swap backing store is full
#   Decrease Java heap size (-Xmx/-Xms)
#   Decrease number of Java threads
#   Decrease Java thread stack sizes (-Xss)
#   Set larger code cache with -XX:ReservedCodeCacheSize=
#   JVM is running with Unscaled Compressed Oops mode in which the Java heap is
#     placed in the first 4GB address space. The Java Heap base address is the
#     maximum limit for the native heap growth. Please use -XX:HeapBaseMinAddress
#     to set the Java Heap base and to place the Java Heap above 4GB virtual address.
# This output file may be truncated or incomplete.
#
#  Out of Memory Error (t:/workspace/open/src/hotspot/share/memory/arena.cpp:197), pid=12260, tid=14880
#
# JRE version: OpenJDK Runtime Environment (11.0.2+9) (build 11.0.2+9)
# Java VM: OpenJDK 64-Bit Server VM (11.0.2+9, mixed mode, tiered, compressed oops, g1 gc, windows-amd64)
# No core dump will be written. Minidumps are not enabled by default on client versions of Windows
#

---------------  S U M M A R Y ------------

Command Line: --add-opens=java.base/java.util=ALL-UNNAMED --add-opens=java.base/java.lang=ALL-UNNAMED --add-opens=java.base/java.lang.invoke=ALL-UNNAMED --add-opens=java.prefs/java.util.prefs=ALL-UNNAMED -XX:MaxMetaspaceSize=256m -XX:+HeapDumpOnOutOfMemoryError -Xms256m -Xmx512m -Dfile.encoding=windows-1252 -Duser.country=BR -Duser.language=pt -Duser.variant org.gradle.launcher.daemon.bootstrap.GradleDaemon 6.7

Host: Intel(R) Core(TM) i5-7200U CPU @ 2.50GHz, 4 cores, 3G,  Windows 10 , 64 bit Build 19041 (10.0.19041.804)
Time: Thu Apr  8 19:41:37 2021 Hora oficial do Brasil elapsed time: 14 seconds (0d 0h 0m 14s)

---------------  T H R E A D  ---------------

Current thread (0x000001bd37d53000):  JavaThread "C2 CompilerThread1" daemon [_thread_in_native, id=14880, stack(0x0000004974a00000,0x0000004974b00000)]


Current CompileTask:
C2:  14700 5367       4       java.beans.Introspector::addMethod (196 bytes)

Stack: [0x0000004974a00000,0x0000004974b00000]
Native frames: (J=compiled Java code, j=interpreted, Vv=VM code, C=native code)
V  [jvm.dll+0x63489a]
V  [jvm.dll+0x771f9f]
V  [jvm.dll+0x773648]
V  [jvm.dll+0x773d03]
V  [jvm.dll+0x25eba8]
V  [jvm.dll+0xc2191]
V  [jvm.dll+0xc271c]
V  [jvm.dll+0x36cc47]
V  [jvm.dll+0x1a97d1]
V  [jvm.dll+0x218ad2]
V  [jvm.dll+0x217b6a]
V  [jvm.dll+0x194370]
V  [jvm.dll+0x226b3f]
V  [jvm.dll+0x225148]
V  [jvm.dll+0x73774d]
V  [jvm.dll+0x633942]
C  [ucrtbase.dll+0x21bb2]
C  [KERNEL32.DLL+0x17034]
C  [ntdll.dll+0x52651]


---------------  P R O C E S S  ---------------

Threads class SMR info:
_java_thread_list=0x000001bd394788a0, length=39, elements={
0x000001bd195d2000, 0x000001bd348a3800, 0x000001bd348ad800, 0x000001bd348c4000,
0x000001bd348c5800, 0x000001bd348cc000, 0x000001bd348d1000, 0x000001bd348d3000,
0x000001bd353a5000, 0x000001bd353bf800, 0x000001bd37605800, 0x000001bd36f87800,
0x000001bd36abb800, 0x000001bd368ef800, 0x000001bd3652c800, 0x000001bd35ac3800,
0x000001bd36a81800, 0x000001bd36883800, 0x000001bd37419000, 0x000001bd36b63800,
0x000001bd36ac7000, 0x000001bd36ac4800, 0x000001bd36ac7800, 0x000001bd36ac8800,
0x000001bd36ac9800, 0x000001bd36aca000, 0x000001bd36ac6000, 0x000001bd36acb000,
0x000001bd36ac5800, 0x000001bd3a7e8000, 0x000001bd3a7e3000, 0x000001bd3a7e7800,
0x000001bd3a7ea800, 0x000001bd3a7e5000, 0x000001bd3a7eb800, 0x000001bd37d53000,
0x000001bd3a7e5800, 0x000001bd3a7f1000, 0x000001bd3a7f2000
}

Java Threads: ( => current thread )
  0x000001bd195d2000 JavaThread "main" [_thread_blocked, id=7420, stack(0x0000004972500000,0x0000004972600000)]
  0x000001bd348a3800 JavaThread "Reference Handler" daemon [_thread_blocked, id=11884, stack(0x0000004972c00000,0x0000004972d00000)]
  0x000001bd348ad800 JavaThread "Finalizer" daemon [_thread_blocked, id=6128, stack(0x0000004972d00000,0x0000004972e00000)]
  0x000001bd348c4000 JavaThread "Signal Dispatcher" daemon [_thread_blocked, id=980, stack(0x0000004972e00000,0x0000004972f00000)]
  0x000001bd348c5800 JavaThread "Attach Listener" daemon [_thread_blocked, id=14372, stack(0x0000004972f00000,0x0000004973000000)]
  0x000001bd348cc000 JavaThread "C2 CompilerThread0" daemon [_thread_in_native, id=9704, stack(0x0000004973000000,0x0000004973100000)]
  0x000001bd348d1000 JavaThread "C1 CompilerThread0" daemon [_thread_blocked, id=1040, stack(0x0000004973100000,0x0000004973200000)]
  0x000001bd348d3000 JavaThread "Sweeper thread" daemon [_thread_blocked, id=10120, stack(0x0000004973200000,0x0000004973300000)]
  0x000001bd353a5000 JavaThread "Common-Cleaner" daemon [_thread_blocked, id=14380, stack(0x0000004973300000,0x0000004973400000)]
  0x000001bd353bf800 JavaThread "Service Thread" daemon [_thread_blocked, id=14436, stack(0x0000004973400000,0x0000004973500000)]
  0x000001bd37605800 JavaThread "Daemon health stats" [_thread_blocked, id=13860, stack(0x0000004973a00000,0x0000004973b00000)]
  0x000001bd36f87800 JavaThread "Incoming local TCP Connector on port 60837" [_thread_in_native, id=14276, stack(0x0000004973c00000,0x0000004973d00000)]
  0x000001bd36abb800 JavaThread "Daemon periodic checks" [_thread_blocked, id=7908, stack(0x0000004973d00000,0x0000004973e00000)]
  0x000001bd368ef800 JavaThread "Daemon" [_thread_blocked, id=15352, stack(0x0000004973e00000,0x0000004973f00000)]
  0x000001bd3652c800 JavaThread "Handler for socket connection from /127.0.0.1:60837 to /127.0.0.1:60838" [_thread_in_native, id=7192, stack(0x0000004973f00000,0x0000004974000000)]
  0x000001bd35ac3800 JavaThread "Cancel handler" [_thread_blocked, id=14520, stack(0x0000004974000000,0x0000004974100000)]
  0x000001bd36a81800 JavaThread "Daemon worker" [_thread_blocked, id=10812, stack(0x0000004974100000,0x0000004974200000)]
  0x000001bd36883800 JavaThread "Asynchronous log dispatcher for DefaultDaemonConnection: socket connection from /127.0.0.1:60837 to /127.0.0.1:60838" [_thread_blocked, id=11268, stack(0x0000004974200000,0x0000004974300000)]
  0x000001bd37419000 JavaThread "Stdin handler" [_thread_blocked, id=10084, stack(0x0000004974300000,0x0000004974400000)]
  0x000001bd36b63800 JavaThread "Thread-8" [_thread_blocked, id=14396, stack(0x0000004974400000,0x0000004974500000)]
  0x000001bd36ac7000 JavaThread "Cache worker for file hash cache (C:\Users\Win\.gradle\caches\6.7\fileHashes)" [_thread_blocked, id=9604, stack(0x0000004974500000,0x0000004974600000)]
  0x000001bd36ac4800 JavaThread "File lock request listener" [_thread_in_native, id=7172, stack(0x0000004974600000,0x0000004974700000)]
  0x000001bd36ac7800 JavaThread "Cache worker for journal cache (C:\Users\Win\.gradle\caches\journal-1)" [_thread_blocked, id=13052, stack(0x0000004974700000,0x0000004974800000)]
  0x000001bd36ac8800 JavaThread "Cache worker for file hash cache (C:\Users\Win\IdeaProjects\caracteristicasDaLinguagem1\.gradle\6.7\fileHashes)" [_thread_blocked, id=14240, stack(0x0000004974800000,0x0000004974900000)]
  0x000001bd36ac9800 JavaThread "Cache worker for checksums cache (C:\Users\Win\IdeaProjects\caracteristicasDaLinguagem1\.gradle\checksums)" [_thread_blocked, id=8592, stack(0x0000004974900000,0x0000004974a00000)]
  0x000001bd36aca000 JavaThread "Cache worker for cache directory md-supplier (C:\Users\Win\.gradle\caches\6.7\md-supplier)" [_thread_blocked, id=13964, stack(0x0000004974b00000,0x0000004974c00000)]
  0x000001bd36ac6000 JavaThread "Cache worker for cache directory md-rule (C:\Users\Win\.gradle\caches\6.7\md-rule)" [_thread_blocked, id=15324, stack(0x0000004974c00000,0x0000004974d00000)]
  0x000001bd36acb000 JavaThread "Cache worker for execution history cache (C:\Users\Win\.gradle\caches\6.7\executionHistory)" [_thread_blocked, id=14892, stack(0x0000004974d00000,0x0000004974e00000)]
  0x000001bd36ac5800 JavaThread "jar transforms" [_thread_blocked, id=7968, stack(0x0000004974e00000,0x0000004974f00000)]
  0x000001bd3a7e8000 JavaThread "Cache worker for file content cache (C:\Users\Win\.gradle\caches\6.7\fileContent)" [_thread_blocked, id=13016, stack(0x0000004974f00000,0x0000004975000000)]
  0x000001bd3a7e3000 JavaThread "Cache worker for Build Output Cleanup Cache (C:\Users\Win\IdeaProjects\caracteristicasDaLinguagem1\.gradle\buildOutputCleanup)" [_thread_blocked, id=13520, stack(0x0000004975000000,0x0000004975100000)]
  0x000001bd3a7e7800 JavaThread "Memory manager" [_thread_blocked, id=13652, stack(0x0000004975100000,0x0000004975200000)]
  0x000001bd3a7ea800 JavaThread "Cache worker for execution history cache (C:\Users\Win\IdeaProjects\caracteristicasDaLinguagem1\.gradle\6.7\executionHistory)" [_thread_blocked, id=14388, stack(0x0000004975500000,0x0000004975600000)]
  0x000001bd3a7e5000 JavaThread "Cache worker for Java compile cache (C:\Users\Win\.gradle\caches\6.7\javaCompile)" [_thread_blocked, id=15184, stack(0x0000004975600000,0x0000004975700000)]
  0x000001bd3a7eb800 JavaThread "Cache worker for Java compile cache (C:\Users\Win\IdeaProjects\caracteristicasDaLinguagem1\.gradle\6.7\javaCompile)" [_thread_blocked, id=15176, stack(0x0000004975700000,0x0000004975800000)]
=>0x000001bd37d53000 JavaThread "C2 CompilerThread1" daemon [_thread_in_native, id=14880, stack(0x0000004974a00000,0x0000004974b00000)]
  0x000001bd3a7e5800 JavaThread "Exec process" [_thread_blocked, id=15188, stack(0x0000004975800000,0x0000004975900000)]
  0x000001bd3a7f1000 JavaThread "Exec process Thread 2" [_thread_blocked, id=14364, stack(0x0000004975900000,0x0000004975a00000)]
  0x000001bd3a7f2000 JavaThread "Exec process Thread 3" [_thread_blocked, id=1348, stack(0x0000004975a00000,0x0000004975b00000)]

Other Threads:
  0x000001bd34880000 VMThread "VM Thread" [stack: 0x0000004972b00000,0x0000004972c00000] [id=6016]
  0x000001bd353c0800 WatcherThread [stack: 0x0000004973500000,0x0000004973600000] [id=14452]
  0x000001bd195e9000 GCTaskThread "GC Thread#0" [stack: 0x0000004972600000,0x0000004972700000] [id=6096]
  0x000001bd35760000 GCTaskThread "GC Thread#1" [stack: 0x0000004973600000,0x0000004973700000] [id=9452]
  0x000001bd35af2000 GCTaskThread "GC Thread#2" [stack: 0x0000004973700000,0x0000004973800000] [id=14008]
  0x000001bd35ae2000 GCTaskThread "GC Thread#3" [stack: 0x0000004973800000,0x0000004973900000] [id=14268]
  0x000001bd195fa800 ConcurrentGCThread "G1 Main Marker" [stack: 0x0000004972700000,0x0000004972800000] [id=9744]
  0x000001bd195fc800 ConcurrentGCThread "G1 Conc#0" [stack: 0x0000004972800000,0x0000004972900000] [id=6360]
  0x000001bd196bd800 ConcurrentGCThread "G1 Refine#0" [stack: 0x0000004972900000,0x0000004972a00000] [id=3972]
  0x000001bd196be800 ConcurrentGCThread "G1 Young RemSet Sampling" [stack: 0x0000004972a00000,0x0000004972b00000] [id=11912]

Threads with active compile tasks:
C2 CompilerThread05372       4       java.net.URLClassLoader$1::run (5 bytes)
C2 CompilerThread15367       4       java.beans.Introspector::addMethod (196 bytes)

VM state:not at safepoint (normal execution)

VM Mutex/Monitor currently owned by a thread: None

Heap address: 0x00000000e0000000, size: 512 MB, Compressed Oops mode: 32-bit
Narrow klass base: 0x0000000000000000, Narrow klass shift: 3
Compressed class space size: 260046848 Address: 0x0000000100000000

Heap:
 garbage-first heap   total 262144K, used 81302K [0x00000000e0000000, 0x0000000100000000)
  region size 1024K, 68 young (69632K), 19 survivors (19456K)
 Metaspace       used 57866K, capacity 59475K, committed 59776K, reserved 307200K
  class space    used 7622K, capacity 8198K, committed 8320K, reserved 253952K
Heap Regions: E=young(eden), S=young(survivor), O=old, HS=humongous(starts), HC=humongous(continues), CS=collection set, F=free, A=archive, TAMS=top-at-mark-start (previous, next)
|   0|0x00000000e0000000, 0x00000000e0100000, 0x00000000e0100000|100%| O|  |TAMS 0x00000000e0100000, 0x00000000e0000000| Untracked 
|   1|0x00000000e0100000, 0x00000000e0200000, 0x00000000e0200000|100%| O|  |TAMS 0x00000000e0200000, 0x00000000e0100000| Untracked 
|   2|0x00000000e0200000, 0x00000000e0300000, 0x00000000e0300000|100%| O|  |TAMS 0x00000000e0300000, 0x00000000e0200000| Untracked 
|   3|0x00000000e0300000, 0x00000000e0400000, 0x00000000e0400000|100%|HS|  |TAMS 0x00000000e0400000, 0x00000000e0300000| Complete 
|   4|0x00000000e0400000, 0x00000000e0500000, 0x00000000e0500000|100%|HC|  |TAMS 0x00000000e0500000, 0x00000000e0400000| Complete 
|   5|0x00000000e0500000, 0x00000000e0600000, 0x00000000e0600000|100%|HC|  |TAMS 0x00000000e0600000, 0x00000000e0500000| Complete 
|   6|0x00000000e0600000, 0x00000000e0700000, 0x00000000e0700000|100%| O|  |TAMS 0x00000000e0700000, 0x00000000e0600000| Untracked 
|   7|0x00000000e0700000, 0x00000000e0800000, 0x00000000e0800000|100%| O|  |TAMS 0x00000000e0800000, 0x00000000e0700000| Untracked 
|   8|0x00000000e0800000, 0x00000000e0900000, 0x00000000e0900000|100%| O|  |TAMS 0x00000000e0900000, 0x00000000e0800000| Untracked 
|   9|0x00000000e0900000, 0x00000000e0a00000, 0x00000000e0a00000|100%| O|  |TAMS 0x00000000e0a00000, 0x00000000e0900000| Untracked 
|  10|0x00000000e0a00000, 0x00000000e0b00000, 0x00000000e0b00000|100%| O|  |TAMS 0x00000000e0b00000, 0x00000000e0a00000| Untracked 
|  11|0x00000000e0b00000, 0x00000000e0c00000, 0x00000000e0c00000|100%| O|  |TAMS 0x00000000e0c00000, 0x00000000e0b00000| Untracked 
|  12|0x00000000e0c00000, 0x00000000e0d00000, 0x00000000e0d00000|100%| O|  |TAMS 0x00000000e0d00000, 0x00000000e0c00000| Untracked 
|  13|0x00000000e0d00000, 0x00000000e0d07600, 0x00000000e0e00000|  2%| O|  |TAMS 0x00000000e0d07600, 0x00000000e0d00000| Untracked 
|  14|0x00000000e0e00000, 0x00000000e0e00000, 0x00000000e0f00000|  0%| F|  |TAMS 0x00000000e0e00000, 0x00000000e0e00000| Untracked 
|  15|0x00000000e0f00000, 0x00000000e0f00000, 0x00000000e1000000|  0%| F|  |TAMS 0x00000000e0f00000, 0x00000000e0f00000| Untracked 
|  16|0x00000000e1000000, 0x00000000e1000000, 0x00000000e1100000|  0%| F|  |TAMS 0x00000000e1000000, 0x00000000e1000000| Untracked 
|  17|0x00000000e1100000, 0x00000000e1100000, 0x00000000e1200000|  0%| F|  |TAMS 0x00000000e1100000, 0x00000000e1100000| Untracked 
|  18|0x00000000e1200000, 0x00000000e1200000, 0x00000000e1300000|  0%| F|  |TAMS 0x00000000e1200000, 0x00000000e1200000| Untracked 
|  19|0x00000000e1300000, 0x00000000e1300000, 0x00000000e1400000|  0%| F|  |TAMS 0x00000000e1300000, 0x00000000e1300000| Untracked 
|  20|0x00000000e1400000, 0x00000000e1400000, 0x00000000e1500000|  0%| F|  |TAMS 0x00000000e1400000, 0x00000000e1400000| Untracked 
|  21|0x00000000e1500000, 0x00000000e1500000, 0x00000000e1600000|  0%| F|  |TAMS 0x00000000e1500000, 0x00000000e1500000| Untracked 
|  22|0x00000000e1600000, 0x00000000e1600000, 0x00000000e1700000|  0%| F|  |TAMS 0x00000000e1600000, 0x00000000e1600000| Untracked 
|  23|0x00000000e1700000, 0x00000000e1700000, 0x00000000e1800000|  0%| F|  |TAMS 0x00000000e1700000, 0x00000000e1700000| Untracked 
|  24|0x00000000e1800000, 0x00000000e1800000, 0x00000000e1900000|  0%| F|  |TAMS 0x00000000e1800000, 0x00000000e1800000| Untracked 
|  25|0x00000000e1900000, 0x00000000e1900000, 0x00000000e1a00000|  0%| F|  |TAMS 0x00000000e1900000, 0x00000000e1900000| Untracked 
|  26|0x00000000e1a00000, 0x00000000e1a00000, 0x00000000e1b00000|  0%| F|  |TAMS 0x00000000e1a00000, 0x00000000e1a00000| Untracked 
|  27|0x00000000e1b00000, 0x00000000e1b00000, 0x00000000e1c00000|  0%| F|  |TAMS 0x00000000e1b00000, 0x00000000e1b00000| Untracked 
|  28|0x00000000e1c00000, 0x00000000e1c00000, 0x00000000e1d00000|  0%| F|  |TAMS 0x00000000e1c00000, 0x00000000e1c00000| Untracked 
|  29|0x00000000e1d00000, 0x00000000e1d00000, 0x00000000e1e00000|  0%| F|  |TAMS 0x00000000e1d00000, 0x00000000e1d00000| Untracked 
|  30|0x00000000e1e00000, 0x00000000e1e00000, 0x00000000e1f00000|  0%| F|  |TAMS 0x00000000e1e00000, 0x00000000e1e00000| Untracked 
|  31|0x00000000e1f00000, 0x00000000e1f00000, 0x00000000e2000000|  0%| F|  |TAMS 0x00000000e1f00000, 0x00000000e1f00000| Untracked 
|  32|0x00000000e2000000, 0x00000000e2000000, 0x00000000e2100000|  0%| F|  |TAMS 0x00000000e2000000, 0x00000000e2000000| Untracked 
|  33|0x00000000e2100000, 0x00000000e2100000, 0x00000000e2200000|  0%| F|  |TAMS 0x00000000e2100000, 0x00000000e2100000| Untracked 
|  34|0x00000000e2200000, 0x00000000e2200000, 0x00000000e2300000|  0%| F|  |TAMS 0x00000000e2200000, 0x00000000e2200000| Untracked 
|  35|0x00000000e2300000, 0x00000000e2300000, 0x00000000e2400000|  0%| F|  |TAMS 0x00000000e2300000, 0x00000000e2300000| Untracked 
|  36|0x00000000e2400000, 0x00000000e2400000, 0x00000000e2500000|  0%| F|  |TAMS 0x00000000e2400000, 0x00000000e2400000| Untracked 
|  37|0x00000000e2500000, 0x00000000e2500000, 0x00000000e2600000|  0%| F|  |TAMS 0x00000000e2500000, 0x00000000e2500000| Untracked 
|  38|0x00000000e2600000, 0x00000000e2600000, 0x00000000e2700000|  0%| F|  |TAMS 0x00000000e2600000, 0x00000000e2600000| Untracked 
|  39|0x00000000e2700000, 0x00000000e2700000, 0x00000000e2800000|  0%| F|  |TAMS 0x00000000e2700000, 0x00000000e2700000| Untracked 
|  40|0x00000000e2800000, 0x00000000e2800000, 0x00000000e2900000|  0%| F|  |TAMS 0x00000000e2800000, 0x00000000e2800000| Untracked 
|  41|0x00000000e2900000, 0x00000000e2900000, 0x00000000e2a00000|  0%| F|  |TAMS 0x00000000e2900000, 0x00000000e2900000| Untracked 
|  42|0x00000000e2a00000, 0x00000000e2a00000, 0x00000000e2b00000|  0%| F|  |TAMS 0x00000000e2a00000, 0x00000000e2a00000| Untracked 
|  43|0x00000000e2b00000, 0x00000000e2b00000, 0x00000000e2c00000|  0%| F|  |TAMS 0x00000000e2b00000, 0x00000000e2b00000| Untracked 
|  44|0x00000000e2c00000, 0x00000000e2c00000, 0x00000000e2d00000|  0%| F|  |TAMS 0x00000000e2c00000, 0x00000000e2c00000| Untracked 
|  45|0x00000000e2d00000, 0x00000000e2d00000, 0x00000000e2e00000|  0%| F|  |TAMS 0x00000000e2d00000, 0x00000000e2d00000| Untracked 
|  46|0x00000000e2e00000, 0x00000000e2e00000, 0x00000000e2f00000|  0%| F|  |TAMS 0x00000000e2e00000, 0x00000000e2e00000| Untracked 
|  47|0x00000000e2f00000, 0x00000000e2f00000, 0x00000000e3000000|  0%| F|  |TAMS 0x00000000e2f00000, 0x00000000e2f00000| Untracked 
|  48|0x00000000e3000000, 0x00000000e3000000, 0x00000000e3100000|  0%| F|  |TAMS 0x00000000e3000000, 0x00000000e3000000| Untracked 
|  49|0x00000000e3100000, 0x00000000e3100000, 0x00000000e3200000|  0%| F|  |TAMS 0x00000000e3100000, 0x00000000e3100000| Untracked 
|  50|0x00000000e3200000, 0x00000000e3200000, 0x00000000e3300000|  0%| F|  |TAMS 0x00000000e3200000, 0x00000000e3200000| Untracked 
|  51|0x00000000e3300000, 0x00000000e3300000, 0x00000000e3400000|  0%| F|  |TAMS 0x00000000e3300000, 0x00000000e3300000| Untracked 
|  52|0x00000000e3400000, 0x00000000e3400000, 0x00000000e3500000|  0%| F|  |TAMS 0x00000000e3400000, 0x00000000e3400000| Untracked 
|  53|0x00000000e3500000, 0x00000000e3500000, 0x00000000e3600000|  0%| F|  |TAMS 0x00000000e3500000, 0x00000000e3500000| Untracked 
|  54|0x00000000e3600000, 0x00000000e3600000, 0x00000000e3700000|  0%| F|  |TAMS 0x00000000e3600000, 0x00000000e3600000| Untracked 
|  55|0x00000000e3700000, 0x00000000e3700000, 0x00000000e3800000|  0%| F|  |TAMS 0x00000000e3700000, 0x00000000e3700000| Untracked 
|  56|0x00000000e3800000, 0x00000000e3800000, 0x00000000e3900000|  0%| F|  |TAMS 0x00000000e3800000, 0x00000000e3800000| Untracked 
|  57|0x00000000e3900000, 0x00000000e3900000, 0x00000000e3a00000|  0%| F|  |TAMS 0x00000000e3900000, 0x00000000e3900000| Untracked 
|  58|0x00000000e3a00000, 0x00000000e3a00000, 0x00000000e3b00000|  0%| F|  |TAMS 0x00000000e3a00000, 0x00000000e3a00000| Untracked 
|  59|0x00000000e3b00000, 0x00000000e3b00000, 0x00000000e3c00000|  0%| F|  |TAMS 0x00000000e3b00000, 0x00000000e3b00000| Untracked 
|  60|0x00000000e3c00000, 0x00000000e3c00000, 0x00000000e3d00000|  0%| F|  |TAMS 0x00000000e3c00000, 0x00000000e3c00000| Untracked 
|  61|0x00000000e3d00000, 0x00000000e3d00000, 0x00000000e3e00000|  0%| F|  |TAMS 0x00000000e3d00000, 0x00000000e3d00000| Untracked 
|  62|0x00000000e3e00000, 0x00000000e3e00000, 0x00000000e3f00000|  0%| F|  |TAMS 0x00000000e3e00000, 0x00000000e3e00000| Untracked 
|  63|0x00000000e3f00000, 0x00000000e3f00000, 0x00000000e4000000|  0%| F|  |TAMS 0x00000000e3f00000, 0x00000000e3f00000| Untracked 
|  64|0x00000000e4000000, 0x00000000e4000000, 0x00000000e4100000|  0%| F|  |TAMS 0x00000000e4000000, 0x00000000e4000000| Untracked 
|  65|0x00000000e4100000, 0x00000000e4100000, 0x00000000e4200000|  0%| F|  |TAMS 0x00000000e4100000, 0x00000000e4100000| Untracked 
|  66|0x00000000e4200000, 0x00000000e4200000, 0x00000000e4300000|  0%| F|  |TAMS 0x00000000e4200000, 0x00000000e4200000| Untracked 
|  67|0x00000000e4300000, 0x00000000e4300000, 0x00000000e4400000|  0%| F|  |TAMS 0x00000000e4300000, 0x00000000e4300000| Untracked 
|  68|0x00000000e4400000, 0x00000000e4400000, 0x00000000e4500000|  0%| F|  |TAMS 0x00000000e4400000, 0x00000000e4400000| Untracked 
|  69|0x00000000e4500000, 0x00000000e4500000, 0x00000000e4600000|  0%| F|  |TAMS 0x00000000e4500000, 0x00000000e4500000| Untracked 
|  70|0x00000000e4600000, 0x00000000e4600000, 0x00000000e4700000|  0%| F|  |TAMS 0x00000000e4600000, 0x00000000e4600000| Untracked 
|  71|0x00000000e4700000, 0x00000000e4700000, 0x00000000e4800000|  0%| F|  |TAMS 0x00000000e4700000, 0x00000000e4700000| Untracked 
|  72|0x00000000e4800000, 0x00000000e4800000, 0x00000000e4900000|  0%| F|  |TAMS 0x00000000e4800000, 0x00000000e4800000| Untracked 
|  73|0x00000000e4900000, 0x00000000e4900000, 0x00000000e4a00000|  0%| F|  |TAMS 0x00000000e4900000, 0x00000000e4900000| Untracked 
|  74|0x00000000e4a00000, 0x00000000e4a00000, 0x00000000e4b00000|  0%| F|  |TAMS 0x00000000e4a00000, 0x00000000e4a00000| Untracked 
|  75|0x00000000e4b00000, 0x00000000e4b00000, 0x00000000e4c00000|  0%| F|  |TAMS 0x00000000e4b00000, 0x00000000e4b00000| Untracked 
|  76|0x00000000e4c00000, 0x00000000e4c00000, 0x00000000e4d00000|  0%| F|  |TAMS 0x00000000e4c00000, 0x00000000e4c00000| Untracked 
|  77|0x00000000e4d00000, 0x00000000e4d00000, 0x00000000e4e00000|  0%| F|  |TAMS 0x00000000e4d00000, 0x00000000e4d00000| Untracked 
|  78|0x00000000e4e00000, 0x00000000e4e00000, 0x00000000e4f00000|  0%| F|  |TAMS 0x00000000e4e00000, 0x00000000e4e00000| Untracked 
|  79|0x00000000e4f00000, 0x00000000e4f00000, 0x00000000e5000000|  0%| F|  |TAMS 0x00000000e4f00000, 0x00000000e4f00000| Untracked 
|  80|0x00000000e5000000, 0x00000000e5000000, 0x00000000e5100000|  0%| F|  |TAMS 0x00000000e5000000, 0x00000000e5000000| Untracked 
|  81|0x00000000e5100000, 0x00000000e5100000, 0x00000000e5200000|  0%| F|  |TAMS 0x00000000e5100000, 0x00000000e5100000| Untracked 
|  82|0x00000000e5200000, 0x00000000e5200000, 0x00000000e5300000|  0%| F|  |TAMS 0x00000000e5200000, 0x00000000e5200000| Untracked 
|  83|0x00000000e5300000, 0x00000000e5300000, 0x00000000e5400000|  0%| F|  |TAMS 0x00000000e5300000, 0x00000000e5300000| Untracked 
|  84|0x00000000e5400000, 0x00000000e545e358, 0x00000000e5500000| 36%| S|CS|TAMS 0x00000000e5400000, 0x00000000e5400000| Complete 
|  85|0x00000000e5500000, 0x00000000e5600000, 0x00000000e5600000|100%| S|CS|TAMS 0x00000000e5500000, 0x00000000e5500000| Complete 
|  86|0x00000000e5600000, 0x00000000e5700000, 0x00000000e5700000|100%| S|CS|TAMS 0x00000000e5600000, 0x00000000e5600000| Complete 
|  87|0x00000000e5700000, 0x00000000e5800000, 0x00000000e5800000|100%| S|CS|TAMS 0x00000000e5700000, 0x00000000e5700000| Complete 
|  88|0x00000000e5800000, 0x00000000e5900000, 0x00000000e5900000|100%| S|CS|TAMS 0x00000000e5800000, 0x00000000e5800000| Complete 
|  89|0x00000000e5900000, 0x00000000e5a00000, 0x00000000e5a00000|100%| S|CS|TAMS 0x00000000e5900000, 0x00000000e5900000| Complete 
|  90|0x00000000e5a00000, 0x00000000e5b00000, 0x00000000e5b00000|100%| S|CS|TAMS 0x00000000e5a00000, 0x00000000e5a00000| Complete 
|  91|0x00000000e5b00000, 0x00000000e5c00000, 0x00000000e5c00000|100%| S|CS|TAMS 0x00000000e5b00000, 0x00000000e5b00000| Complete 
|  92|0x00000000e5c00000, 0x00000000e5d00000, 0x00000000e5d00000|100%| S|CS|TAMS 0x00000000e5c00000, 0x00000000e5c00000| Complete 
|  93|0x00000000e5d00000, 0x00000000e5e00000, 0x00000000e5e00000|100%| S|CS|TAMS 0x00000000e5d00000, 0x00000000e5d00000| Complete 
|  94|0x00000000e5e00000, 0x00000000e5f00000, 0x00000000e5f00000|100%| S|CS|TAMS 0x00000000e5e00000, 0x00000000e5e00000| Complete 
|  95|0x00000000e5f00000, 0x00000000e6000000, 0x00000000e6000000|100%| S|CS|TAMS 0x00000000e5f00000, 0x00000000e5f00000| Complete 
|  96|0x00000000e6000000, 0x00000000e6100000, 0x00000000e6100000|100%| S|CS|TAMS 0x00000000e6000000, 0x00000000e6000000| Complete 
|  97|0x00000000e6100000, 0x00000000e6200000, 0x00000000e6200000|100%| S|CS|TAMS 0x00000000e6100000, 0x00000000e6100000| Complete 
|  98|0x00000000e6200000, 0x00000000e6300000, 0x00000000e6300000|100%| S|CS|TAMS 0x00000000e6200000, 0x00000000e6200000| Complete 
|  99|0x00000000e6300000, 0x00000000e6400000, 0x00000000e6400000|100%| S|CS|TAMS 0x00000000e6300000, 0x00000000e6300000| Complete 
| 100|0x00000000e6400000, 0x00000000e6500000, 0x00000000e6500000|100%| S|CS|TAMS 0x00000000e6400000, 0x00000000e6400000| Complete 
| 101|0x00000000e6500000, 0x00000000e6600000, 0x00000000e6600000|100%| S|CS|TAMS 0x00000000e6500000, 0x00000000e6500000| Complete 
| 102|0x00000000e6600000, 0x00000000e6700000, 0x00000000e6700000|100%| S|CS|TAMS 0x00000000e6600000, 0x00000000e6600000| Complete 
| 103|0x00000000e6700000, 0x00000000e6700000, 0x00000000e6800000|  0%| F|  |TAMS 0x00000000e6700000, 0x00000000e6700000| Untracked 
| 104|0x00000000e6800000, 0x00000000e6800000, 0x00000000e6900000|  0%| F|  |TAMS 0x00000000e6800000, 0x00000000e6800000| Untracked 
| 105|0x00000000e6900000, 0x00000000e6900000, 0x00000000e6a00000|  0%| F|  |TAMS 0x00000000e6900000, 0x00000000e6900000| Untracked 
| 106|0x00000000e6a00000, 0x00000000e6a00000, 0x00000000e6b00000|  0%| F|  |TAMS 0x00000000e6a00000, 0x00000000e6a00000| Untracked 
| 107|0x00000000e6b00000, 0x00000000e6b00000, 0x00000000e6c00000|  0%| F|  |TAMS 0x00000000e6b00000, 0x00000000e6b00000| Untracked 
| 108|0x00000000e6c00000, 0x00000000e6c00000, 0x00000000e6d00000|  0%| F|  |TAMS 0x00000000e6c00000, 0x00000000e6c00000| Untracked 
| 109|0x00000000e6d00000, 0x00000000e6d00000, 0x00000000e6e00000|  0%| F|  |TAMS 0x00000000e6d00000, 0x00000000e6d00000| Untracked 
| 110|0x00000000e6e00000, 0x00000000e6e00000, 0x00000000e6f00000|  0%| F|  |TAMS 0x00000000e6e00000, 0x00000000e6e00000| Untracked 
| 111|0x00000000e6f00000, 0x00000000e6f00000, 0x00000000e7000000|  0%| F|  |TAMS 0x00000000e6f00000, 0x00000000e6f00000| Untracked 
| 112|0x00000000e7000000, 0x00000000e7000000, 0x00000000e7100000|  0%| F|  |TAMS 0x00000000e7000000, 0x00000000e7000000| Untracked 
| 113|0x00000000e7100000, 0x00000000e7100000, 0x00000000e7200000|  0%| F|  |TAMS 0x00000000e7100000, 0x00000000e7100000| Untracked 
| 114|0x00000000e7200000, 0x00000000e7200000, 0x00000000e7300000|  0%| F|  |TAMS 0x00000000e7200000, 0x00000000e7200000| Untracked 
| 115|0x00000000e7300000, 0x00000000e7300000, 0x00000000e7400000|  0%| F|  |TAMS 0x00000000e7300000, 0x00000000e7300000| Untracked 
| 116|0x00000000e7400000, 0x00000000e7400000, 0x00000000e7500000|  0%| F|  |TAMS 0x00000000e7400000, 0x00000000e7400000| Untracked 
| 117|0x00000000e7500000, 0x00000000e7500000, 0x00000000e7600000|  0%| F|  |TAMS 0x00000000e7500000, 0x00000000e7500000| Untracked 
| 118|0x00000000e7600000, 0x00000000e7600000, 0x00000000e7700000|  0%| F|  |TAMS 0x00000000e7600000, 0x00000000e7600000| Untracked 
| 119|0x00000000e7700000, 0x00000000e7700000, 0x00000000e7800000|  0%| F|  |TAMS 0x00000000e7700000, 0x00000000e7700000| Untracked 
| 120|0x00000000e7800000, 0x00000000e7800000, 0x00000000e7900000|  0%| F|  |TAMS 0x00000000e7800000, 0x00000000e7800000| Untracked 
| 121|0x00000000e7900000, 0x00000000e7900000, 0x00000000e7a00000|  0%| F|  |TAMS 0x00000000e7900000, 0x00000000e7900000| Untracked 
| 122|0x00000000e7a00000, 0x00000000e7a00000, 0x00000000e7b00000|  0%| F|  |TAMS 0x00000000e7a00000, 0x00000000e7a00000| Untracked 
| 123|0x00000000e7b00000, 0x00000000e7b00000, 0x00000000e7c00000|  0%| F|  |TAMS 0x00000000e7b00000, 0x00000000e7b00000| Untracked 
| 124|0x00000000e7c00000, 0x00000000e7c00000, 0x00000000e7d00000|  0%| F|  |TAMS 0x00000000e7c00000, 0x00000000e7c00000| Untracked 
| 125|0x00000000e7d00000, 0x00000000e7d00000, 0x00000000e7e00000|  0%| F|  |TAMS 0x00000000e7d00000, 0x00000000e7d00000| Untracked 
| 126|0x00000000e7e00000, 0x00000000e7e00000, 0x00000000e7f00000|  0%| F|  |TAMS 0x00000000e7e00000, 0x00000000e7e00000| Untracked 
| 127|0x00000000e7f00000, 0x00000000e7f00000, 0x00000000e8000000|  0%| F|  |TAMS 0x00000000e7f00000, 0x00000000e7f00000| Untracked 
| 128|0x00000000e8000000, 0x00000000e8000000, 0x00000000e8100000|  0%| F|  |TAMS 0x00000000e8000000, 0x00000000e8000000| Untracked 
| 129|0x00000000e8100000, 0x00000000e8100000, 0x00000000e8200000|  0%| F|  |TAMS 0x00000000e8100000, 0x00000000e8100000| Untracked 
| 130|0x00000000e8200000, 0x00000000e8200000, 0x00000000e8300000|  0%| F|  |TAMS 0x00000000e8200000, 0x00000000e8200000| Untracked 
| 131|0x00000000e8300000, 0x00000000e8300000, 0x00000000e8400000|  0%| F|  |TAMS 0x00000000e8300000, 0x00000000e8300000| Untracked 
| 132|0x00000000e8400000, 0x00000000e8400000, 0x00000000e8500000|  0%| F|  |TAMS 0x00000000e8400000, 0x00000000e8400000| Untracked 
| 133|0x00000000e8500000, 0x00000000e8500000, 0x00000000e8600000|  0%| F|  |TAMS 0x00000000e8500000, 0x00000000e8500000| Untracked 
| 134|0x00000000e8600000, 0x00000000e8600000, 0x00000000e8700000|  0%| F|  |TAMS 0x00000000e8600000, 0x00000000e8600000| Untracked 
| 135|0x00000000e8700000, 0x00000000e8700000, 0x00000000e8800000|  0%| F|  |TAMS 0x00000000e8700000, 0x00000000e8700000| Untracked 
| 136|0x00000000e8800000, 0x00000000e8800000, 0x00000000e8900000|  0%| F|  |TAMS 0x00000000e8800000, 0x00000000e8800000| Untracked 
| 137|0x00000000e8900000, 0x00000000e8900000, 0x00000000e8a00000|  0%| F|  |TAMS 0x00000000e8900000, 0x00000000e8900000| Untracked 
| 138|0x00000000e8a00000, 0x00000000e8a00000, 0x00000000e8b00000|  0%| F|  |TAMS 0x00000000e8a00000, 0x00000000e8a00000| Untracked 
| 139|0x00000000e8b00000, 0x00000000e8b00000, 0x00000000e8c00000|  0%| F|  |TAMS 0x00000000e8b00000, 0x00000000e8b00000| Untracked 
| 140|0x00000000e8c00000, 0x00000000e8c00000, 0x00000000e8d00000|  0%| F|  |TAMS 0x00000000e8c00000, 0x00000000e8c00000| Untracked 
| 141|0x00000000e8d00000, 0x00000000e8d00000, 0x00000000e8e00000|  0%| F|  |TAMS 0x00000000e8d00000, 0x00000000e8d00000| Untracked 
| 142|0x00000000e8e00000, 0x00000000e8e00000, 0x00000000e8f00000|  0%| F|  |TAMS 0x00000000e8e00000, 0x00000000e8e00000| Untracked 
| 143|0x00000000e8f00000, 0x00000000e8f00000, 0x00000000e9000000|  0%| F|  |TAMS 0x00000000e8f00000, 0x00000000e8f00000| Untracked 
| 144|0x00000000e9000000, 0x00000000e9000000, 0x00000000e9100000|  0%| F|  |TAMS 0x00000000e9000000, 0x00000000e9000000| Untracked 
| 145|0x00000000e9100000, 0x00000000e9100000, 0x00000000e9200000|  0%| F|  |TAMS 0x00000000e9100000, 0x00000000e9100000| Untracked 
| 146|0x00000000e9200000, 0x00000000e9200000, 0x00000000e9300000|  0%| F|  |TAMS 0x00000000e9200000, 0x00000000e9200000| Untracked 
| 147|0x00000000e9300000, 0x00000000e9300000, 0x00000000e9400000|  0%| F|  |TAMS 0x00000000e9300000, 0x00000000e9300000| Untracked 
| 148|0x00000000e9400000, 0x00000000e9400000, 0x00000000e9500000|  0%| F|  |TAMS 0x00000000e9400000, 0x00000000e9400000| Untracked 
| 149|0x00000000e9500000, 0x00000000e9500000, 0x00000000e9600000|  0%| F|  |TAMS 0x00000000e9500000, 0x00000000e9500000| Untracked 
| 150|0x00000000e9600000, 0x00000000e9600000, 0x00000000e9700000|  0%| F|  |TAMS 0x00000000e9600000, 0x00000000e9600000| Untracked 
| 151|0x00000000e9700000, 0x00000000e9700000, 0x00000000e9800000|  0%| F|  |TAMS 0x00000000e9700000, 0x00000000e9700000| Untracked 
| 152|0x00000000e9800000, 0x00000000e9800000, 0x00000000e9900000|  0%| F|  |TAMS 0x00000000e9800000, 0x00000000e9800000| Untracked 
| 153|0x00000000e9900000, 0x00000000e9900000, 0x00000000e9a00000|  0%| F|  |TAMS 0x00000000e9900000, 0x00000000e9900000| Untracked 
| 154|0x00000000e9a00000, 0x00000000e9a00000, 0x00000000e9b00000|  0%| F|  |TAMS 0x00000000e9a00000, 0x00000000e9a00000| Untracked 
| 155|0x00000000e9b00000, 0x00000000e9b00000, 0x00000000e9c00000|  0%| F|  |TAMS 0x00000000e9b00000, 0x00000000e9b00000| Untracked 
| 156|0x00000000e9c00000, 0x00000000e9c00000, 0x00000000e9d00000|  0%| F|  |TAMS 0x00000000e9c00000, 0x00000000e9c00000| Untracked 
| 157|0x00000000e9d00000, 0x00000000e9d00000, 0x00000000e9e00000|  0%| F|  |TAMS 0x00000000e9d00000, 0x00000000e9d00000| Untracked 
| 158|0x00000000e9e00000, 0x00000000e9e00000, 0x00000000e9f00000|  0%| F|  |TAMS 0x00000000e9e00000, 0x00000000e9e00000| Untracked 
| 159|0x00000000e9f00000, 0x00000000e9f00000, 0x00000000ea000000|  0%| F|  |TAMS 0x00000000e9f00000, 0x00000000e9f00000| Untracked 
| 160|0x00000000ea000000, 0x00000000ea000000, 0x00000000ea100000|  0%| F|  |TAMS 0x00000000ea000000, 0x00000000ea000000| Untracked 
| 161|0x00000000ea100000, 0x00000000ea100000, 0x00000000ea200000|  0%| F|  |TAMS 0x00000000ea100000, 0x00000000ea100000| Untracked 
| 162|0x00000000ea200000, 0x00000000ea200000, 0x00000000ea300000|  0%| F|  |TAMS 0x00000000ea200000, 0x00000000ea200000| Untracked 
| 163|0x00000000ea300000, 0x00000000ea300000, 0x00000000ea400000|  0%| F|  |TAMS 0x00000000ea300000, 0x00000000ea300000| Untracked 
| 164|0x00000000ea400000, 0x00000000ea400000, 0x00000000ea500000|  0%| F|  |TAMS 0x00000000ea400000, 0x00000000ea400000| Untracked 
| 165|0x00000000ea500000, 0x00000000ea500000, 0x00000000ea600000|  0%| F|  |TAMS 0x00000000ea500000, 0x00000000ea500000| Untracked 
| 166|0x00000000ea600000, 0x00000000ea600000, 0x00000000ea700000|  0%| F|  |TAMS 0x00000000ea600000, 0x00000000ea600000| Untracked 
| 167|0x00000000ea700000, 0x00000000ea700000, 0x00000000ea800000|  0%| F|  |TAMS 0x00000000ea700000, 0x00000000ea700000| Untracked 
| 168|0x00000000ea800000, 0x00000000ea800000, 0x00000000ea900000|  0%| F|  |TAMS 0x00000000ea800000, 0x00000000ea800000| Untracked 
| 169|0x00000000ea900000, 0x00000000ea900000, 0x00000000eaa00000|  0%| F|  |TAMS 0x00000000ea900000, 0x00000000ea900000| Untracked 
| 170|0x00000000eaa00000, 0x00000000eaa00000, 0x00000000eab00000|  0%| F|  |TAMS 0x00000000eaa00000, 0x00000000eaa00000| Untracked 
| 171|0x00000000eab00000, 0x00000000eab00000, 0x00000000eac00000|  0%| F|  |TAMS 0x00000000eab00000, 0x00000000eab00000| Untracked 
| 172|0x00000000eac00000, 0x00000000eac00000, 0x00000000ead00000|  0%| F|  |TAMS 0x00000000eac00000, 0x00000000eac00000| Untracked 
| 173|0x00000000ead00000, 0x00000000ead00000, 0x00000000eae00000|  0%| F|  |TAMS 0x00000000ead00000, 0x00000000ead00000| Untracked 
| 174|0x00000000eae00000, 0x00000000eae00000, 0x00000000eaf00000|  0%| F|  |TAMS 0x00000000eae00000, 0x00000000eae00000| Untracked 
| 175|0x00000000eaf00000, 0x00000000eaf00000, 0x00000000eb000000|  0%| F|  |TAMS 0x00000000eaf00000, 0x00000000eaf00000| Untracked 
| 176|0x00000000eb000000, 0x00000000eb000000, 0x00000000eb100000|  0%| F|  |TAMS 0x00000000eb000000, 0x00000000eb000000| Untracked 
| 177|0x00000000eb100000, 0x00000000eb100000, 0x00000000eb200000|  0%| F|  |TAMS 0x00000000eb100000, 0x00000000eb100000| Untracked 
| 178|0x00000000eb200000, 0x00000000eb200000, 0x00000000eb300000|  0%| F|  |TAMS 0x00000000eb200000, 0x00000000eb200000| Untracked 
| 179|0x00000000eb300000, 0x00000000eb300000, 0x00000000eb400000|  0%| F|  |TAMS 0x00000000eb300000, 0x00000000eb300000| Untracked 
| 180|0x00000000eb400000, 0x00000000eb400000, 0x00000000eb500000|  0%| F|  |TAMS 0x00000000eb400000, 0x00000000eb400000| Untracked 
| 181|0x00000000eb500000, 0x00000000eb500000, 0x00000000eb600000|  0%| F|  |TAMS 0x00000000eb500000, 0x00000000eb500000| Untracked 
| 182|0x00000000eb600000, 0x00000000eb600000, 0x00000000eb700000|  0%| F|  |TAMS 0x00000000eb600000, 0x00000000eb600000| Untracked 
| 183|0x00000000eb700000, 0x00000000eb700000, 0x00000000eb800000|  0%| F|  |TAMS 0x00000000eb700000, 0x00000000eb700000| Untracked 
| 184|0x00000000eb800000, 0x00000000eb800000, 0x00000000eb900000|  0%| F|  |TAMS 0x00000000eb800000, 0x00000000eb800000| Untracked 
| 185|0x00000000eb900000, 0x00000000eb900000, 0x00000000eba00000|  0%| F|  |TAMS 0x00000000eb900000, 0x00000000eb900000| Untracked 
| 186|0x00000000eba00000, 0x00000000eba00000, 0x00000000ebb00000|  0%| F|  |TAMS 0x00000000eba00000, 0x00000000eba00000| Untracked 
| 187|0x00000000ebb00000, 0x00000000ebb00000, 0x00000000ebc00000|  0%| F|  |TAMS 0x00000000ebb00000, 0x00000000ebb00000| Untracked 
| 188|0x00000000ebc00000, 0x00000000ebc00000, 0x00000000ebd00000|  0%| F|  |TAMS 0x00000000ebc00000, 0x00000000ebc00000| Untracked 
| 189|0x00000000ebd00000, 0x00000000ebd00000, 0x00000000ebe00000|  0%| F|  |TAMS 0x00000000ebd00000, 0x00000000ebd00000| Untracked 
| 190|0x00000000ebe00000, 0x00000000ebe00000, 0x00000000ebf00000|  0%| F|  |TAMS 0x00000000ebe00000, 0x00000000ebe00000| Untracked 
| 191|0x00000000ebf00000, 0x00000000ebf00000, 0x00000000ec000000|  0%| F|  |TAMS 0x00000000ebf00000, 0x00000000ebf00000| Untracked 
| 192|0x00000000ec000000, 0x00000000ec000000, 0x00000000ec100000|  0%| F|  |TAMS 0x00000000ec000000, 0x00000000ec000000| Untracked 
| 193|0x00000000ec100000, 0x00000000ec100000, 0x00000000ec200000|  0%| F|  |TAMS 0x00000000ec100000, 0x00000000ec100000| Untracked 
| 194|0x00000000ec200000, 0x00000000ec200000, 0x00000000ec300000|  0%| F|  |TAMS 0x00000000ec200000, 0x00000000ec200000| Untracked 
| 195|0x00000000ec300000, 0x00000000ec300000, 0x00000000ec400000|  0%| F|  |TAMS 0x00000000ec300000, 0x00000000ec300000| Untracked 
| 196|0x00000000ec400000, 0x00000000ec400000, 0x00000000ec500000|  0%| F|  |TAMS 0x00000000ec400000, 0x00000000ec400000| Untracked 
| 197|0x00000000ec500000, 0x00000000ec500000, 0x00000000ec600000|  0%| F|  |TAMS 0x00000000ec500000, 0x00000000ec500000| Untracked 
| 198|0x00000000ec600000, 0x00000000ec600000, 0x00000000ec700000|  0%| F|  |TAMS 0x00000000ec600000, 0x00000000ec600000| Untracked 
| 199|0x00000000ec700000, 0x00000000ec700000, 0x00000000ec800000|  0%| F|  |TAMS 0x00000000ec700000, 0x00000000ec700000| Untracked 
| 200|0x00000000ec800000, 0x00000000ec800000, 0x00000000ec900000|  0%| F|  |TAMS 0x00000000ec800000, 0x00000000ec800000| Untracked 
| 201|0x00000000ec900000, 0x00000000ec900000, 0x00000000eca00000|  0%| F|  |TAMS 0x00000000ec900000, 0x00000000ec900000| Untracked 
| 202|0x00000000eca00000, 0x00000000eca00000, 0x00000000ecb00000|  0%| F|  |TAMS 0x00000000eca00000, 0x00000000eca00000| Untracked 
| 203|0x00000000ecb00000, 0x00000000ecb00000, 0x00000000ecc00000|  0%| F|  |TAMS 0x00000000ecb00000, 0x00000000ecb00000| Untracked 
| 204|0x00000000ecc00000, 0x00000000ecc00000, 0x00000000ecd00000|  0%| F|  |TAMS 0x00000000ecc00000, 0x00000000ecc00000| Untracked 
| 205|0x00000000ecd00000, 0x00000000ecd00000, 0x00000000ece00000|  0%| F|  |TAMS 0x00000000ecd00000, 0x00000000ecd00000| Untracked 
| 206|0x00000000ece00000, 0x00000000ece00000, 0x00000000ecf00000|  0%| F|  |TAMS 0x00000000ece00000, 0x00000000ece00000| Untracked 
| 207|0x00000000ecf00000, 0x00000000ecf80800, 0x00000000ed000000| 50%| E|  |TAMS 0x00000000ecf00000, 0x00000000ecf00000| Complete 
| 208|0x00000000ed000000, 0x00000000ed100000, 0x00000000ed100000|100%| E|CS|TAMS 0x00000000ed000000, 0x00000000ed000000| Complete 
| 209|0x00000000ed100000, 0x00000000ed200000, 0x00000000ed200000|100%| E|CS|TAMS 0x00000000ed100000, 0x00000000ed100000| Complete 
| 210|0x00000000ed200000, 0x00000000ed300000, 0x00000000ed300000|100%| E|CS|TAMS 0x00000000ed200000, 0x00000000ed200000| Complete 
| 211|0x00000000ed300000, 0x00000000ed400000, 0x00000000ed400000|100%| E|CS|TAMS 0x00000000ed300000, 0x00000000ed300000| Complete 
| 212|0x00000000ed400000, 0x00000000ed500000, 0x00000000ed500000|100%| E|CS|TAMS 0x00000000ed400000, 0x00000000ed400000| Complete 
| 213|0x00000000ed500000, 0x00000000ed600000, 0x00000000ed600000|100%| E|CS|TAMS 0x00000000ed500000, 0x00000000ed500000| Complete 
| 214|0x00000000ed600000, 0x00000000ed700000, 0x00000000ed700000|100%| E|CS|TAMS 0x00000000ed600000, 0x00000000ed600000| Complete 
| 215|0x00000000ed700000, 0x00000000ed800000, 0x00000000ed800000|100%| E|CS|TAMS 0x00000000ed700000, 0x00000000ed700000| Complete 
| 216|0x00000000ed800000, 0x00000000ed900000, 0x00000000ed900000|100%| E|CS|TAMS 0x00000000ed800000, 0x00000000ed800000| Complete 
| 217|0x00000000ed900000, 0x00000000eda00000, 0x00000000eda00000|100%| E|CS|TAMS 0x00000000ed900000, 0x00000000ed900000| Complete 
| 218|0x00000000eda00000, 0x00000000edb00000, 0x00000000edb00000|100%| E|CS|TAMS 0x00000000eda00000, 0x00000000eda00000| Complete 
| 219|0x00000000edb00000, 0x00000000edc00000, 0x00000000edc00000|100%| E|CS|TAMS 0x00000000edb00000, 0x00000000edb00000| Complete 
| 220|0x00000000edc00000, 0x00000000edd00000, 0x00000000edd00000|100%| E|CS|TAMS 0x00000000edc00000, 0x00000000edc00000| Complete 
| 221|0x00000000edd00000, 0x00000000ede00000, 0x00000000ede00000|100%| E|CS|TAMS 0x00000000edd00000, 0x00000000edd00000| Complete 
| 222|0x00000000ede00000, 0x00000000edf00000, 0x00000000edf00000|100%| E|CS|TAMS 0x00000000ede00000, 0x00000000ede00000| Complete 
| 223|0x00000000edf00000, 0x00000000ee000000, 0x00000000ee000000|100%| E|CS|TAMS 0x00000000edf00000, 0x00000000edf00000| Complete 
| 224|0x00000000ee000000, 0x00000000ee100000, 0x00000000ee100000|100%| E|CS|TAMS 0x00000000ee000000, 0x00000000ee000000| Complete 
| 225|0x00000000ee100000, 0x00000000ee200000, 0x00000000ee200000|100%| E|CS|TAMS 0x00000000ee100000, 0x00000000ee100000| Complete 
| 226|0x00000000ee200000, 0x00000000ee300000, 0x00000000ee300000|100%| E|CS|TAMS 0x00000000ee200000, 0x00000000ee200000| Complete 
| 227|0x00000000ee300000, 0x00000000ee400000, 0x00000000ee400000|100%| E|CS|TAMS 0x00000000ee300000, 0x00000000ee300000| Complete 
| 228|0x00000000ee400000, 0x00000000ee500000, 0x00000000ee500000|100%| E|CS|TAMS 0x00000000ee400000, 0x00000000ee400000| Complete 
| 229|0x00000000ee500000, 0x00000000ee600000, 0x00000000ee600000|100%| E|CS|TAMS 0x00000000ee500000, 0x00000000ee500000| Complete 
| 230|0x00000000ee600000, 0x00000000ee700000, 0x00000000ee700000|100%| E|CS|TAMS 0x00000000ee600000, 0x00000000ee600000| Complete 
| 231|0x00000000ee700000, 0x00000000ee800000, 0x00000000ee800000|100%| E|CS|TAMS 0x00000000ee700000, 0x00000000ee700000| Complete 
| 232|0x00000000ee800000, 0x00000000ee900000, 0x00000000ee900000|100%| E|CS|TAMS 0x00000000ee800000, 0x00000000ee800000| Complete 
| 233|0x00000000ee900000, 0x00000000eea00000, 0x00000000eea00000|100%| E|CS|TAMS 0x00000000ee900000, 0x00000000ee900000| Complete 
| 234|0x00000000eea00000, 0x00000000eeb00000, 0x00000000eeb00000|100%| E|CS|TAMS 0x00000000eea00000, 0x00000000eea00000| Complete 
| 235|0x00000000eeb00000, 0x00000000eec00000, 0x00000000eec00000|100%| E|CS|TAMS 0x00000000eeb00000, 0x00000000eeb00000| Complete 
| 236|0x00000000eec00000, 0x00000000eed00000, 0x00000000eed00000|100%| E|CS|TAMS 0x00000000eec00000, 0x00000000eec00000| Complete 
| 237|0x00000000eed00000, 0x00000000eee00000, 0x00000000eee00000|100%| E|CS|TAMS 0x00000000eed00000, 0x00000000eed00000| Complete 
| 238|0x00000000eee00000, 0x00000000eef00000, 0x00000000eef00000|100%| E|CS|TAMS 0x00000000eee00000, 0x00000000eee00000| Complete 
| 239|0x00000000eef00000, 0x00000000ef000000, 0x00000000ef000000|100%| E|CS|TAMS 0x00000000eef00000, 0x00000000eef00000| Complete 
| 240|0x00000000ef000000, 0x00000000ef100000, 0x00000000ef100000|100%| E|CS|TAMS 0x00000000ef000000, 0x00000000ef000000| Complete 
| 241|0x00000000ef100000, 0x00000000ef200000, 0x00000000ef200000|100%| E|CS|TAMS 0x00000000ef100000, 0x00000000ef100000| Complete 
| 242|0x00000000ef200000, 0x00000000ef300000, 0x00000000ef300000|100%| E|CS|TAMS 0x00000000ef200000, 0x00000000ef200000| Complete 
| 243|0x00000000ef300000, 0x00000000ef400000, 0x00000000ef400000|100%| E|CS|TAMS 0x00000000ef300000, 0x00000000ef300000| Complete 
| 244|0x00000000ef400000, 0x00000000ef500000, 0x00000000ef500000|100%| E|CS|TAMS 0x00000000ef400000, 0x00000000ef400000| Complete 
| 245|0x00000000ef500000, 0x00000000ef600000, 0x00000000ef600000|100%| E|CS|TAMS 0x00000000ef500000, 0x00000000ef500000| Complete 
| 246|0x00000000ef600000, 0x00000000ef700000, 0x00000000ef700000|100%| E|CS|TAMS 0x00000000ef600000, 0x00000000ef600000| Complete 
| 247|0x00000000ef700000, 0x00000000ef800000, 0x00000000ef800000|100%| E|CS|TAMS 0x00000000ef700000, 0x00000000ef700000| Complete 
| 248|0x00000000ef800000, 0x00000000ef900000, 0x00000000ef900000|100%| E|CS|TAMS 0x00000000ef800000, 0x00000000ef800000| Complete 
| 249|0x00000000ef900000, 0x00000000efa00000, 0x00000000efa00000|100%| E|CS|TAMS 0x00000000ef900000, 0x00000000ef900000| Complete 
| 250|0x00000000efa00000, 0x00000000efb00000, 0x00000000efb00000|100%| E|CS|TAMS 0x00000000efa00000, 0x00000000efa00000| Complete 
| 251|0x00000000efb00000, 0x00000000efc00000, 0x00000000efc00000|100%| E|CS|TAMS 0x00000000efb00000, 0x00000000efb00000| Complete 
| 252|0x00000000efc00000, 0x00000000efd00000, 0x00000000efd00000|100%| E|CS|TAMS 0x00000000efc00000, 0x00000000efc00000| Complete 
| 253|0x00000000efd00000, 0x00000000efe00000, 0x00000000efe00000|100%| E|CS|TAMS 0x00000000efd00000, 0x00000000efd00000| Complete 
| 254|0x00000000efe00000, 0x00000000eff00000, 0x00000000eff00000|100%| E|CS|TAMS 0x00000000efe00000, 0x00000000efe00000| Complete 
| 255|0x00000000eff00000, 0x00000000f0000000, 0x00000000f0000000|100%| E|CS|TAMS 0x00000000eff00000, 0x00000000eff00000| Complete 

Card table byte_map: [0x000001bd310b0000,0x000001bd311b0000] _byte_map_base: 0x000001bd309b0000

Marking Bits (Prev, Next): (CMBitMap*) 0x000001bd195f7b08, (CMBitMap*) 0x000001bd195f7b40
 Prev Bits: [0x000001bd312b0000, 0x000001bd31ab0000)
 Next Bits: [0x000001bd31ab0000, 0x000001bd322b0000)

Polling page: 0x000001bd17c40000

Metaspace:

Usage:
  Non-class:     50.08 MB capacity,    49.07 MB ( 98%) used,   872.63 KB (  2%) free+waste,   160.75 KB ( <1%) overhead. 
      Class:      8.01 MB capacity,     7.44 MB ( 93%) used,   496.56 KB (  6%) free+waste,    78.63 KB ( <1%) overhead. 
       Both:     58.08 MB capacity,    56.51 MB ( 97%) used,     1.34 MB (  2%) free+waste,   239.38 KB ( <1%) overhead. 

Virtual space:
  Non-class space:       52.00 MB reserved,      50.25 MB ( 97%) committed 
      Class space:      248.00 MB reserved,       8.13 MB (  3%) committed 
             Both:      300.00 MB reserved,      58.38 MB ( 19%) committed 

Chunk freelists:
   Non-Class:  6.38 KB
       Class:  0 bytes
        Both:  6.38 KB

CodeHeap 'non-profiled nmethods': size=120064Kb used=2948Kb max_used=2948Kb free=117115Kb
 bounds [0x000001bd29450000, 0x000001bd29740000, 0x000001bd30990000]
CodeHeap 'profiled nmethods': size=120000Kb used=11919Kb max_used=11919Kb free=108080Kb
 bounds [0x000001bd21f20000, 0x000001bd22ad0000, 0x000001bd29450000]
CodeHeap 'non-nmethods': size=5696Kb used=2217Kb max_used=2271Kb free=3479Kb
 bounds [0x000001bd21990000, 0x000001bd21c00000, 0x000001bd21f20000]
 total_blobs=7469 nmethods=5187 adapters=697
 compilation: enabled
              stopped_count=0, restarted_count=0
 full_count=0

Compilation events (10 events):
Event: 14.358 Thread 0x000001bd348d1000 5388       3       java.lang.invoke.InvokerBytecodeGenerator::maybeDump (33 bytes)
Event: 14.358 Thread 0x000001bd348d1000 nmethod 5388 0x000001bd22ab5710 code [0x000001bd22ab58c0, 0x000001bd22ab5a38]
Event: 14.358 Thread 0x000001bd348d1000 5389       3       java.lang.invoke.InvokerBytecodeGenerator::cpPatches (121 bytes)
Event: 14.360 Thread 0x000001bd348d1000 nmethod 5389 0x000001bd22ab5b10 code [0x000001bd22ab5ea0, 0x000001bd22ab7660]
Event: 14.360 Thread 0x000001bd348d1000 5390   !   3       java.lang.invoke.InvokerBytecodeGenerator::resolveInvokerMember (41 bytes)
Event: 14.360 Thread 0x000001bd348d1000 nmethod 5390 0x000001bd22ab7e90 code [0x000001bd22ab8080, 0x000001bd22ab8430]
Event: 14.409 Thread 0x000001bd348d1000 5393       3       java.util.stream.ReferencePipeline$Head::forEach (26 bytes)
Event: 14.410 Thread 0x000001bd348d1000 nmethod 5393 0x000001bd22ab8610 code [0x000001bd22ab8840, 0x000001bd22ab8fa0]
Event: 14.410 Thread 0x000001bd348d1000 5394       3       java.util.stream.AbstractPipeline::sourceStageSpliterator (112 bytes)
Event: 14.410 Thread 0x000001bd348d1000 nmethod 5394 0x000001bd22ab9290 code [0x000001bd22ab94c0, 0x000001bd22ab9be0]

GC Heap History (10 events):
Event: 4.097 GC heap before
{Heap before GC invocations=3 (full 0):
 garbage-first heap   total 262144K, used 54959K [0x00000000e0000000, 0x0000000100000000)
  region size 1024K, 45 young (46080K), 4 survivors (4096K)
 Metaspace       used 18789K, capacity 19268K, committed 19328K, reserved 272384K
  class space    used 2270K, capacity 2392K, committed 2432K, reserved 253952K
}
Event: 4.105 GC heap after
{Heap after GC invocations=4 (full 0):
 garbage-first heap   total 262144K, used 16146K [0x00000000e0000000, 0x0000000100000000)
  region size 1024K, 3 young (3072K), 3 survivors (3072K)
 Metaspace       used 18789K, capacity 19268K, committed 19328K, reserved 272384K
  class space    used 2270K, capacity 2392K, committed 2432K, reserved 253952K
}
Event: 4.415 GC heap before
{Heap before GC invocations=4 (full 0):
 garbage-first heap   total 262144K, used 28434K [0x00000000e0000000, 0x0000000100000000)
  region size 1024K, 17 young (17408K), 3 survivors (3072K)
 Metaspace       used 20581K, capacity 21102K, committed 21248K, reserved 272384K
  class space    used 2525K, capacity 2710K, committed 2816K, reserved 253952K
}
Event: 4.422 GC heap after
{Heap after GC invocations=5 (full 0):
 garbage-first heap   total 262144K, used 16656K [0x00000000e0000000, 0x0000000100000000)
  region size 1024K, 4 young (4096K), 4 survivors (4096K)
 Metaspace       used 20581K, capacity 21102K, committed 21248K, reserved 272384K
  class space    used 2525K, capacity 2710K, committed 2816K, reserved 253952K
}
Event: 6.139 GC heap before
{Heap before GC invocations=6 (full 0):
 garbage-first heap   total 262144K, used 74000K [0x00000000e0000000, 0x0000000100000000)
  region size 1024K, 60 young (61440K), 4 survivors (4096K)
 Metaspace       used 26729K, capacity 27371K, committed 27648K, reserved 278528K
  class space    used 3509K, capacity 3720K, committed 3840K, reserved 253952K
}
Event: 6.149 GC heap after
{Heap after GC invocations=7 (full 0):
 garbage-first heap   total 262144K, used 18753K [0x00000000e0000000, 0x0000000100000000)
  region size 1024K, 6 young (6144K), 6 survivors (6144K)
 Metaspace       used 26729K, capacity 27371K, committed 27648K, reserved 278528K
  class space    used 3509K, capacity 3720K, committed 3840K, reserved 253952K
}
Event: 7.475 GC heap before
{Heap before GC invocations=7 (full 0):
 garbage-first heap   total 262144K, used 64833K [0x00000000e0000000, 0x0000000100000000)
  region size 1024K, 52 young (53248K), 6 survivors (6144K)
 Metaspace       used 35078K, capacity 35822K, committed 35840K, reserved 286720K
  class space    used 4556K, capacity 4856K, committed 4864K, reserved 253952K
}
Event: 7.485 GC heap after
{Heap after GC invocations=8 (full 0):
 garbage-first heap   total 262144K, used 22443K [0x00000000e0000000, 0x0000000100000000)
  region size 1024K, 9 young (9216K), 9 survivors (9216K)
 Metaspace       used 35078K, capacity 35822K, committed 35840K, reserved 286720K
  class space    used 4556K, capacity 4856K, committed 4864K, reserved 253952K
}
Event: 12.054 GC heap before
{Heap before GC invocations=9 (full 0):
 garbage-first heap   total 262144K, used 172971K [0x00000000e0000000, 0x0000000100000000)
  region size 1024K, 153 young (156672K), 9 survivors (9216K)
 Metaspace       used 48165K, capacity 49485K, committed 49536K, reserved 296960K
  class space    used 6330K, capacity 6753K, committed 6784K, reserved 253952K
}
Event: 12.128 GC heap after
{Heap after GC invocations=10 (full 0):
 garbage-first heap   total 262144K, used 32150K [0x00000000e0000000, 0x0000000100000000)
  region size 1024K, 19 young (19456K), 19 survivors (19456K)
 Metaspace       used 48165K, capacity 49485K, committed 49536K, reserved 296960K
  class space    used 6330K, capacity 6753K, committed 6784K, reserved 253952K
}

Deoptimization events (10 events):
Event: 13.211 Thread 0x000001bd36a81800 Uncommon trap: reason=profile_predicate action=maybe_recompile pc=0x000001bd296e4cc4 method=jdk.internal.jimage.ImageStringsReader.charsFromByteBuffer([CLjava/nio/ByteBuffer;)V @ 6 c2
Event: 13.310 Thread 0x000001bd36a81800 Uncommon trap: reason=unstable_if action=reinterpret pc=0x000001bd2951a6e0 method=sun.nio.fs.WindowsPathParser.normalize(Ljava/lang/StringBuilder;Ljava/lang/String;I)Ljava/lang/String; @ 100 c2
Event: 13.458 Thread 0x000001bd36a81800 Uncommon trap: reason=bimorphic_or_optimized_type_check action=maybe_recompile pc=0x000001bd295a3f60 method=java.util.AbstractCollection.addAll(Ljava/util/Collection;)Z @ 29 c2
Event: 14.020 Thread 0x000001bd3a7ea800 Uncommon trap: reason=class_check action=maybe_recompile pc=0x000001bd2957518c method=java.io.BufferedInputStream.read1([BII)I @ 39 c2
Event: 14.152 Thread 0x000001bd36b63800 Uncommon trap: reason=intrinsic_or_type_checked_inlining action=make_not_entrant pc=0x000001bd2972b3ec method=java.util.ArrayList.toArray([Ljava/lang/Object;)[Ljava/lang/Object; @ 36 c2
Event: 14.229 Thread 0x000001bd36a81800 Uncommon trap: reason=unstable_if action=reinterpret pc=0x000001bd296d32e8 method=java.lang.ClassLoader.checkCerts(Ljava/lang/String;Ljava/security/CodeSource;)V @ 29 c2
Event: 14.229 Thread 0x000001bd36a81800 Uncommon trap: reason=unstable_if action=reinterpret pc=0x000001bd296e75b0 method=java.lang.ClassLoader.postDefineClass(Ljava/lang/Class;Ljava/security/ProtectionDomain;)V @ 17 c2
Event: 14.229 Thread 0x000001bd36a81800 Uncommon trap: reason=unstable_if action=reinterpret pc=0x000001bd2967f2fc method=java.lang.ClassLoader.loadClass(Ljava/lang/String;Z)Ljava/lang/Class; @ 29 c2
Event: 14.446 Thread 0x000001bd3a7f2000 Uncommon trap: reason=class_check action=maybe_recompile pc=0x000001bd29572cec method=java.io.BufferedInputStream.read1([BII)I @ 39 c2
Event: 14.688 Thread 0x000001bd3a7f2000 Uncommon trap: reason=class_check action=maybe_recompile pc=0x000001bd29572cec method=java.io.BufferedInputStream.read1([BII)I @ 39 c2

Classes redefined (0 events):
No events

Internal exceptions (10 events):
Event: 14.222 Thread 0x000001bd36a81800 Exception <a 'java/lang/ClassNotFoundException'{0x00000000ed249820}: java/io/FileBeanInfo> (0x00000000ed249820) thrown at [t:/workspace/open/src/hotspot/share/classfile/systemDictionary.cpp, line 231]
Event: 14.223 Thread 0x000001bd36a81800 Exception <a 'java/lang/ClassNotFoundException'{0x00000000ed251548}: java/io/FileCustomizer> (0x00000000ed251548) thrown at [t:/workspace/open/src/hotspot/share/classfile/systemDictionary.cpp, line 231]
Event: 14.229 Thread 0x000001bd36a81800 Implicit null exception at 0x000001bd296d2aa7 to 0x000001bd296d32d6
Event: 14.229 Thread 0x000001bd36a81800 Implicit null exception at 0x000001bd296e6f3f to 0x000001bd296e758a
Event: 14.342 Thread 0x000001bd3a7e5800 Exception <a 'java/lang/NoSuchMethodError'{0x00000000ed12f2e0}: java.lang.invoke.DirectMethodHandle$Holder.invokeStatic(Ljava/lang/Object;J)V> (0x00000000ed12f2e0) thrown at [t:/workspace/open/src/hotspot/share/interpreter/linkResolver.cpp, line 772]
Event: 14.343 Thread 0x000001bd3a7e5800 Exception <a 'java/lang/NoSuchMethodError'{0x00000000ed1344f0}: java.lang.invoke.DirectMethodHandle$Holder.invokeStatic(Ljava/lang/Object;J)Ljava/lang/Object;> (0x00000000ed1344f0) thrown at [t:/workspace/open/src/hotspot/share/interpreter/linkResolver.cp
Event: 14.345 Thread 0x000001bd3a7e5800 Exception <a 'java/lang/NoSuchMethodError'{0x00000000ed13a5c8}: java.lang.invoke.Invokers$Holder.linkToTargetMethod(JLjava/lang/Object;)Ljava/lang/Object;> (0x00000000ed13a5c8) thrown at [t:/workspace/open/src/hotspot/share/interpreter/linkResolver.cpp, l
Event: 14.355 Thread 0x000001bd3a7e5800 Exception <a 'java/lang/NoSuchMethodError'{0x00000000ed142860}: java.lang.invoke.DirectMethodHandle$Holder.invokeStaticInit(Ljava/lang/Object;Ljava/lang/Object;JLjava/lang/Object;)Ljava/lang/Object;> (0x00000000ed142860) thrown at [t:/workspace/open/src/h
Event: 14.356 Thread 0x000001bd3a7e5800 Exception <a 'java/lang/NoSuchMethodError'{0x00000000ed148748}: java.lang.invoke.DirectMethodHandle$Holder.invokeStatic(Ljava/lang/Object;Ljava/lang/Object;J)Ljava/lang/Object;> (0x00000000ed148748) thrown at [t:/workspace/open/src/hotspot/share/interpret
Event: 14.361 Thread 0x000001bd3a7e5800 Exception <a 'java/lang/NoSuchMethodError'{0x00000000ed14ea18}: java.lang.invoke.Invokers$Holder.linkToTargetMethod(Ljava/lang/Object;JLjava/lang/Object;)Ljava/lang/Object;> (0x00000000ed14ea18) thrown at [t:/workspace/open/src/hotspot/share/interpreter/l

Events (10 events):
Event: 14.369 Thread 0x000001bd3a7f1000 Thread added: 0x000001bd3a7f1000
Event: 14.370 Thread 0x000001bd3a7f2000 Thread added: 0x000001bd3a7f2000
Event: 14.446 Thread 0x000001bd3a7f2000 Uncommon trap: trap_request=0xffffffde fr.pc=0x000001bd29572cec relative=0x000000000000094c
Event: 14.446 Executing VM operation: RevokeBias
Event: 14.446 Executing VM operation: RevokeBias done
Event: 14.446 Thread 0x000001bd3a7f2000 DEOPT PACKING pc=0x000001bd29572cec sp=0x0000004975afef00
Event: 14.446 Thread 0x000001bd3a7f2000 DEOPT UNPACKING pc=0x000001bd219b8f2f sp=0x0000004975afee18 mode 2
Event: 14.688 Thread 0x000001bd3a7f2000 Uncommon trap: trap_request=0xffffffde fr.pc=0x000001bd29572cec relative=0x000000000000094c
Event: 14.688 Thread 0x000001bd3a7f2000 DEOPT PACKING pc=0x000001bd29572cec sp=0x0000004975afef00
Event: 14.688 Thread 0x000001bd3a7f2000 DEOPT UNPACKING pc=0x000001bd219b8f2f sp=0x0000004975afee18 mode 2


Dynamic libraries:
0x00007ff7ea220000 - 0x00007ff7ea265000 	C:\Program Files\Java\jdk-11.0.2\bin\java.exe
0x00007fff2e0b0000 - 0x00007fff2e2a5000 	C:\Windows\SYSTEM32\ntdll.dll
0x00007fff2dac0000 - 0x00007fff2db7d000 	C:\Windows\System32\KERNEL32.DLL
0x00007fff2bc20000 - 0x00007fff2bee9000 	C:\Windows\System32\KERNELBASE.dll
0x00007fff2c600000 - 0x00007fff2c7a0000 	C:\Windows\System32\USER32.dll
0x00007fff2baa0000 - 0x00007fff2bac2000 	C:\Windows\System32\win32u.dll
0x00007fff2c800000 - 0x00007fff2c82a000 	C:\Windows\System32\GDI32.dll
0x00007fff2bef0000 - 0x00007fff2bffb000 	C:\Windows\System32\gdi32full.dll
0x00007fff2ba00000 - 0x00007fff2ba9d000 	C:\Windows\System32\msvcp_win.dll
0x00007fff2bad0000 - 0x00007fff2bbd0000 	C:\Windows\System32\ucrtbase.dll
0x00007fff17450000 - 0x00007fff176ea000 	C:\Windows\WinSxS\amd64_microsoft.windows.common-controls_6595b64144ccf1df_6.0.19041.844_none_ca00b6081b84eb1d\COMCTL32.dll
0x00007fff2dfd0000 - 0x00007fff2e06e000 	C:\Windows\System32\msvcrt.dll
0x00007fff2dc20000 - 0x00007fff2dc50000 	C:\Windows\System32\IMM32.DLL
0x00007fff12130000 - 0x00007fff12146000 	C:\Program Files\Java\jdk-11.0.2\bin\vcruntime140.dll
0x00007ffef24c0000 - 0x00007ffef256a000 	C:\Program Files\Java\jdk-11.0.2\bin\msvcp140.dll
0x00007ffee9510000 - 0x00007ffeea033000 	C:\Program Files\Java\jdk-11.0.2\bin\server\jvm.dll
0x00007fff2dec0000 - 0x00007fff2df6c000 	C:\Windows\System32\ADVAPI32.dll
0x00007fff2db80000 - 0x00007fff2dc1c000 	C:\Windows\System32\sechost.dll
0x00007fff2c830000 - 0x00007fff2c95b000 	C:\Windows\System32\RPCRT4.dll
0x00007fff2cf50000 - 0x00007fff2cf58000 	C:\Windows\System32\PSAPI.DLL
0x00007fff1ad20000 - 0x00007fff1ad47000 	C:\Windows\SYSTEM32\WINMM.dll
0x00007fff27200000 - 0x00007fff27209000 	C:\Windows\SYSTEM32\WSOCK32.dll
0x00007fff250f0000 - 0x00007fff250fa000 	C:\Windows\SYSTEM32\VERSION.dll
0x00007fff2c960000 - 0x00007fff2c9cb000 	C:\Windows\System32\WS2_32.dll
0x00007fff29750000 - 0x00007fff29762000 	C:\Windows\SYSTEM32\kernel.appcore.dll
0x00007fff0a220000 - 0x00007fff0a231000 	C:\Program Files\Java\jdk-11.0.2\bin\verify.dll
0x00007fff12640000 - 0x00007fff12824000 	C:\Windows\SYSTEM32\DBGHELP.DLL
0x00007fff12470000 - 0x00007fff1249c000 	C:\Windows\SYSTEM32\dbgcore.DLL
0x00007fff2c090000 - 0x00007fff2c110000 	C:\Windows\System32\bcryptPrimitives.dll
0x00007fff05f00000 - 0x00007fff05f28000 	C:\Program Files\Java\jdk-11.0.2\bin\java.dll
0x00007fff08e90000 - 0x00007fff08ea6000 	C:\Program Files\Java\jdk-11.0.2\bin\zip.dll
0x00007fff201a0000 - 0x00007fff201aa000 	C:\Program Files\Java\jdk-11.0.2\bin\jimage.dll
0x00007fff2d010000 - 0x00007fff2d752000 	C:\Windows\System32\SHELL32.dll
0x00007fff29950000 - 0x00007fff2a0e0000 	C:\Windows\SYSTEM32\windows.storage.dll
0x00007fff2c9e0000 - 0x00007fff2cd35000 	C:\Windows\System32\combase.dll
0x00007fff2b190000 - 0x00007fff2b1bc000 	C:\Windows\SYSTEM32\Wldp.dll
0x00007fff2cf60000 - 0x00007fff2d00e000 	C:\Windows\System32\SHCORE.dll
0x00007fff2c7a0000 - 0x00007fff2c7f5000 	C:\Windows\System32\shlwapi.dll
0x00007fff2b730000 - 0x00007fff2b74f000 	C:\Windows\SYSTEM32\profapi.dll
0x00007fff07b90000 - 0x00007fff07ba9000 	C:\Program Files\Java\jdk-11.0.2\bin\net.dll
0x00007fff1b010000 - 0x00007fff1b11c000 	C:\Windows\SYSTEM32\WINHTTP.dll
0x00007fff1a8c0000 - 0x00007fff1aaae000 	C:\Windows\SYSTEM32\urlmon.dll
0x00007fff1b630000 - 0x00007fff1b8e0000 	C:\Windows\SYSTEM32\iertutil.dll
0x00007fff2af10000 - 0x00007fff2af7a000 	C:\Windows\system32\mswsock.dll
0x00007fff07610000 - 0x00007fff07623000 	C:\Program Files\Java\jdk-11.0.2\bin\nio.dll
0x00007fff07630000 - 0x00007fff07656000 	C:\Users\Win\.gradle\native\fdc75f09e3144964f2cf3f50f0aa648679c211496f362492102eb8c894070792\windows-amd64\native-platform.dll
0x00007ffef0d20000 - 0x00007ffef0eb1000 	C:\Users\Win\.gradle\native\12488b8bf47d2d4c9fbf2f6322a914ad602e24e48041cd04a747c6da556b65c4\windows-amd64\native-platform-file-events.dll
0x00007fff1bfe0000 - 0x00007fff1bfe9000 	C:\Program Files\Java\jdk-11.0.2\bin\management.dll
0x00007fff1ab10000 - 0x00007fff1ab1c000 	C:\Program Files\Java\jdk-11.0.2\bin\management_ext.dll
0x00007fff2b0e0000 - 0x00007fff2b0f8000 	C:\Windows\SYSTEM32\CRYPTSP.dll
0x00007fff2a8b0000 - 0x00007fff2a8e4000 	C:\Windows\system32\rsaenh.dll
0x00007fff2c060000 - 0x00007fff2c087000 	C:\Windows\System32\bcrypt.dll
0x00007fff2b6f0000 - 0x00007fff2b71e000 	C:\Windows\SYSTEM32\USERENV.dll
0x00007fff2b100000 - 0x00007fff2b10c000 	C:\Windows\SYSTEM32\CRYPTBASE.dll
0x00007fff2ac00000 - 0x00007fff2ac3b000 	C:\Windows\SYSTEM32\IPHLPAPI.DLL
0x00007fff2c9d0000 - 0x00007fff2c9d8000 	C:\Windows\System32\NSI.dll
0x00007fff22fd0000 - 0x00007fff22fe7000 	C:\Windows\SYSTEM32\dhcpcsvc6.DLL
0x00007fff22fb0000 - 0x00007fff22fcd000 	C:\Windows\SYSTEM32\dhcpcsvc.DLL
0x00007fff2ac40000 - 0x00007fff2ad0b000 	C:\Windows\SYSTEM32\DNSAPI.dll
0x00007fff23020000 - 0x00007fff2302b000 	C:\Windows\SYSTEM32\WINNSI.DLL

dbghelp: loaded successfully - version: 4.0.5 - missing functions: none
symbol engine: initialized successfully - sym options: 0x614 - pdb path: .;C:\Program Files\Java\jdk-11.0.2\bin;C:\Windows\SYSTEM32;C:\Windows\WinSxS\amd64_microsoft.windows.common-controls_6595b64144ccf1df_6.0.19041.844_none_ca00b6081b84eb1d;C:\Program Files\Java\jdk-11.0.2\bin\server;C:\Users\Win\.gradle\native\fdc75f09e3144964f2cf3f50f0aa648679c211496f362492102eb8c894070792\windows-amd64;C:\Users\Win\.gradle\native\12488b8bf47d2d4c9fbf2f6322a914ad602e24e48041cd04a747c6da556b65c4\windows-amd64

VM Arguments:
jvm_args: --add-opens=java.base/java.util=ALL-UNNAMED --add-opens=java.base/java.lang=ALL-UNNAMED --add-opens=java.base/java.lang.invoke=ALL-UNNAMED --add-opens=java.prefs/java.util.prefs=ALL-UNNAMED -XX:MaxMetaspaceSize=256m -XX:+HeapDumpOnOutOfMemoryError -Xms256m -Xmx512m -Dfile.encoding=windows-1252 -Duser.country=BR -Duser.language=pt -Duser.variant 
java_command: org.gradle.launcher.daemon.bootstrap.GradleDaemon 6.7
java_class_path (initial): C:\Users\Win\.gradle\wrapper\dists\gradle-6.7-bin\efvqh8uyq79v2n7rcncuhu9sv\gradle-6.7\lib\gradle-launcher-6.7.jar
Launcher Type: SUN_STANDARD

[Global flags]
     intx CICompilerCount                          = 3                                         {product} {ergonomic}
   size_t CompressedClassSpaceSize                 = 260046848                                 {product} {ergonomic}
     uint ConcGCThreads                            = 1                                         {product} {ergonomic}
     uint G1ConcRefinementThreads                  = 4                                         {product} {ergonomic}
   size_t G1HeapRegionSize                         = 1048576                                   {product} {ergonomic}
    uintx GCDrainStackTargetSize                   = 64                                        {product} {ergonomic}
     bool HeapDumpOnOutOfMemoryError               = true                                   {manageable} {command line}
   size_t InitialHeapSize                          = 268435456                                 {product} {command line}
   size_t MarkStackSize                            = 4194304                                   {product} {ergonomic}
   size_t MaxHeapSize                              = 536870912                                 {product} {command line}
   size_t MaxMetaspaceSize                         = 268435456                                 {product} {command line}
   size_t MaxNewSize                               = 321912832                                 {product} {ergonomic}
   size_t MinHeapDeltaBytes                        = 1048576                                   {product} {ergonomic}
    uintx NonNMethodCodeHeapSize                   = 5830092                                {pd product} {ergonomic}
    uintx NonProfiledCodeHeapSize                  = 122914074                              {pd product} {ergonomic}
    uintx ProfiledCodeHeapSize                     = 122914074                              {pd product} {ergonomic}
    uintx ReservedCodeCacheSize                    = 251658240                              {pd product} {ergonomic}
     bool SegmentedCodeCache                       = true                                      {product} {ergonomic}
     bool UseCompressedClassPointers               = true                                 {lp64_product} {ergonomic}
     bool UseCompressedOops                        = true                                 {lp64_product} {ergonomic}
     bool UseG1GC                                  = true                                      {product} {ergonomic}
     bool UseLargePagesIndividualAllocation        = false                                  {pd product} {ergonomic}

Logging:
Log output configuration:
 #0: stdout all=warning uptime,level,tags
 #1: stderr all=off uptime,level,tags

Environment Variables:
JAVA_HOME=C:\Program Files\Java\jdk-11.0.2
PATH=C:\Program Files (x86)\VMware\VMware Player\bin\;C:\Windows\system32;C:\Windows;C:\Windows\System32\Wbem;C:\Windows\System32\WindowsPowerShell\v1.0\;C:\Windows\System32\OpenSSH\;C:\Program Files\Git\cmd;C:\Program Files\nodejs\;C:\Program Files\Java\jdk-11.0.2\bin;C:\ProgramData\UNIVALI\Portugol Studio;C:\Users\Win\AppData\Local\Android\Sdk\emulator;C:\Users\Win\AppData\Local\Android\Sdk\tools;C:\Users\Win\AppData\Local\Android\Sdk\tools\bin;C:\Users\Win\AppData\Local\Android\Sdk\platform-tools;C:\Users\Win\AppData\Local\Microsoft\WindowsApps;C:\Users\Win\AppData\Roaming\npm;C:\Program Files\Microsoft VS Code\Microsoft VS Code\bin
USERNAME=Win
OS=Windows_NT
PROCESSOR_IDENTIFIER=Intel64 Family 6 Model 142 Stepping 9, GenuineIntel



---------------  S Y S T E M  ---------------

OS: Windows 10 , 64 bit Build 19041 (10.0.19041.804)

CPU:total 4 (initial active 4) (2 cores per cpu, 2 threads per core) family 6 model 142 stepping 9, cmov, cx8, fxsr, mmx, sse, sse2, sse3, ssse3, sse4.1, sse4.2, popcnt, avx, avx2, aes, clmul, erms, 3dnowpref, lzcnt, ht, tsc, tscinvbit, bmi1, bmi2, adx, fma

Memory: 4k page, system-wide physical 3970M (221M free)
TotalPageFile size 16258M (AvailPageFile size 27M)
current process WorkingSet (physical memory assigned to process): 339M, peak: 341M
current process commit charge ("private bytes"): 476M, peak: 477M

vm_info: OpenJDK 64-Bit Server VM (11.0.2+9) for windows-amd64 JRE (11.0.2+9), built on Jan 18 2019 05:23:22 by "mach5one" with MS VC++ 15.5 (VS2017)

END.
